<?xml version="1.0" encoding="UTF-8"?>
<!-- Generated by org.testng.reporters.JUnitXMLReporter -->
<testsuite hostname="SEZ-LAP-123" ignored="4" name="RAIS Test Suite Run for Chrome Browser" tests="1" failures="0" timestamp="09 Oct 2020 15:52:15 GMT" time="0.501" errors="0">
  <testcase name="RunTC1" time="0.007" classname="testcases.RAIS.WF_Authorization_Tests"/>
  <testcase name="testPending" time="0.0" classname="testcases.RAIS.WF_Authorization_Tests">
    <ignored/>
  </testcase> <!-- testPending -->
  <testcase name="DemoWF_Test" time="0.0" classname="testcases.RAIS.WF_Authorization_Tests">
    <ignored/>
  </testcase> <!-- DemoWF_Test -->
  <testcase name="E2E_WorkflowExecution_HappyPath" time="0.0" classname="testcases.RAIS.WF_Authorization_Tests">
    <ignored/>
  </testcase> <!-- E2E_WorkflowExecution_HappyPath -->
  <testcase name="E2E_WorkflowExecution_AFlows" time="0.0" classname="testcases.RAIS.WF_Authorization_Tests">
    <ignored/>
  </testcase> <!-- E2E_WorkflowExecution_AFlows -->
</testsuite> <!-- RAIS Test Suite Run for Chrome Browser -->
