<?xml version="1.0" encoding="UTF-8"?>
<!-- Generated by org.testng.reporters.JUnitXMLReporter -->
<testsuite ignored="11" hostname="SEZ-LAP-123" failures="1" tests="1" name="RAIS Test Suite Run for Chrome Browser" time="5.682" errors="0" timestamp="03 Aug 2021 12:48:30 GMT">
  <testcase classname="testcases.RAIS.WF_Authorization_Tests" name="E2E_WorkflowExecution_HappyPath_withInspection" time="3.126">
    <failure type="java.lang.NullPointerException">
      <![CDATA[java.lang.NullPointerException
at java.base/java.util.Objects.requireNonNull(Objects.java:208)
at org.openqa.selenium.support.ui.FluentWait.<init>(FluentWait.java:100)
at org.openqa.selenium.support.ui.WebDriverWait.<init>(WebDriverWait.java:128)
at org.openqa.selenium.support.ui.WebDriverWait.<init>(WebDriverWait.java:61)
at commonfunction.GenericMethods.JSPageWait(GenericMethods.java:746)
at commonfunction.RAIS_applicationSpecificMethods.logout(RAIS_applicationSpecificMethods.java:3446)
at testcases.RAIS.WF_Authorization_Tests.E2E_WorkflowExecution_HappyPath_withInspection(WF_Authorization_Tests.java:597)
... Removed 29 stack frames]]>
    </failure>
  </testcase> <!-- E2E_WorkflowExecution_HappyPath_withInspection -->
  <testcase classname="testcases.RAIS.WF_Authorization_Tests" name="E2E_WorkflowExecution_AuthTermsRejectApprove" time="0.0">
    <ignored/>
  </testcase> <!-- E2E_WorkflowExecution_AuthTermsRejectApprove -->
  <testcase classname="testcases.RAIS.WF_Authorization_Tests" name="E2E_WorkflowExecution_RejectCertificate" time="0.0">
    <ignored/>
  </testcase> <!-- E2E_WorkflowExecution_RejectCertificate -->
  <testcase classname="testcases.RAIS.WF_Authorization_Tests" name="E2E_WorkflowExecution_CompletenessCheckReject" time="0.0">
    <ignored/>
  </testcase> <!-- E2E_WorkflowExecution_CompletenessCheckReject -->
  <testcase classname="testcases.RAIS.WF_Authorization_Tests" name="E2E_WorkflowExecution_HappyPathwithInspectionOld" time="0.0">
    <ignored/>
  </testcase> <!-- E2E_WorkflowExecution_HappyPathwithInspectionOld -->
  <testcase classname="testcases.RAIS.WF_Authorization_Tests" name="E2E_WorkflowExecution_HappyPathwithRnA" time="0.0">
    <ignored/>
  </testcase> <!-- E2E_WorkflowExecution_HappyPathwithRnA -->
  <testcase classname="testcases.RAIS.WF_Authorization_Tests" name="E2E_WorkflowExecution_incompleteApplication" time="0.0">
    <ignored/>
  </testcase> <!-- E2E_WorkflowExecution_incompleteApplication -->
  <testcase classname="testcases.RAIS.WF_Authorization_Tests" name="testPending" time="0.0">
    <ignored/>
  </testcase> <!-- testPending -->
  <testcase classname="testcases.RAIS.WF_Authorization_Tests" name="E2E_WorkflowExecution_RnAReject" time="0.0">
    <ignored/>
  </testcase> <!-- E2E_WorkflowExecution_RnAReject -->
  <testcase classname="testcases.RAIS.WF_Authorization_Tests" name="DemoWF_Test" time="0.0">
    <ignored/>
  </testcase> <!-- DemoWF_Test -->
  <testcase classname="testcases.RAIS.WF_Authorization_Tests" name="E2E_WorkflowExecution_AFlows" time="0.0">
    <ignored/>
  </testcase> <!-- E2E_WorkflowExecution_AFlows -->
  <testcase classname="testcases.RAIS.WF_Authorization_Tests" name="RunTC1" time="0.0">
    <ignored/>
  </testcase> <!-- RunTC1 -->
</testsuite> <!-- RAIS Test Suite Run for Chrome Browser -->
