<?xml version="1.0" encoding="UTF-8"?>
<!-- Generated by org.testng.reporters.JUnitXMLReporter -->
<testsuite hostname="SEZ-LAP-123" ignored="1" name="Default test" tests="1" failures="0" timestamp="22 Jan 2020 10:50:18 GMT" time="39.156" errors="0">
  <testcase name="TestData_Entity_AttributeCreation" time="32.817" classname="testcases.RAIS.TestData_creation"/>
  <testcase name="E2E_Publish_Custom_Entity" time="0.0" classname="testcases.RAIS.TestData_creation">
    <ignored/>
  </testcase> <!-- E2E_Publish_Custom_Entity -->
</testsuite> <!-- Default test -->
