<?xml version="1.0" encoding="UTF-8"?>
<!-- Generated by org.testng.reporters.JUnitXMLReporter -->
<testsuite hostname="SEZ-LAP-123" ignored="11" name="RAIS Test Suite Run for Chrome Browser" tests="1" failures="0" timestamp="12 May 2021 09:35:02 GMT" time="333.141" errors="0">
  <testcase name="E2E_WorkflowExecution_HappyPath_withInspection" time="327.748" classname="testcases.RAIS.WF_Authorization_Tests"/>
  <testcase name="E2E_WorkflowExecution_AuthTermsRejectApprove" time="0.0" classname="testcases.RAIS.WF_Authorization_Tests">
    <ignored/>
  </testcase> <!-- E2E_WorkflowExecution_AuthTermsRejectApprove -->
  <testcase name="E2E_WorkflowExecution_RejectCertificate" time="0.0" classname="testcases.RAIS.WF_Authorization_Tests">
    <ignored/>
  </testcase> <!-- E2E_WorkflowExecution_RejectCertificate -->
  <testcase name="E2E_WorkflowExecution_CompletenessCheckReject" time="0.0" classname="testcases.RAIS.WF_Authorization_Tests">
    <ignored/>
  </testcase> <!-- E2E_WorkflowExecution_CompletenessCheckReject -->
  <testcase name="E2E_WorkflowExecution_HappyPathwithInspectionOld" time="0.0" classname="testcases.RAIS.WF_Authorization_Tests">
    <ignored/>
  </testcase> <!-- E2E_WorkflowExecution_HappyPathwithInspectionOld -->
  <testcase name="E2E_WorkflowExecution_HappyPathwithRnA" time="0.0" classname="testcases.RAIS.WF_Authorization_Tests">
    <ignored/>
  </testcase> <!-- E2E_WorkflowExecution_HappyPathwithRnA -->
  <testcase name="E2E_WorkflowExecution_incompleteApplication" time="0.0" classname="testcases.RAIS.WF_Authorization_Tests">
    <ignored/>
  </testcase> <!-- E2E_WorkflowExecution_incompleteApplication -->
  <testcase name="testPending" time="0.0" classname="testcases.RAIS.WF_Authorization_Tests">
    <ignored/>
  </testcase> <!-- testPending -->
  <testcase name="E2E_WorkflowExecution_RnAReject" time="0.0" classname="testcases.RAIS.WF_Authorization_Tests">
    <ignored/>
  </testcase> <!-- E2E_WorkflowExecution_RnAReject -->
  <testcase name="DemoWF_Test" time="0.0" classname="testcases.RAIS.WF_Authorization_Tests">
    <ignored/>
  </testcase> <!-- DemoWF_Test -->
  <testcase name="E2E_WorkflowExecution_AFlows" time="0.0" classname="testcases.RAIS.WF_Authorization_Tests">
    <ignored/>
  </testcase> <!-- E2E_WorkflowExecution_AFlows -->
  <testcase name="RunTC1" time="0.0" classname="testcases.RAIS.WF_Authorization_Tests">
    <ignored/>
  </testcase> <!-- RunTC1 -->
</testsuite> <!-- RAIS Test Suite Run for Chrome Browser -->
