<?xml version="1.0" encoding="UTF-8"?>
<!-- Generated by org.testng.reporters.JUnitXMLReporter -->
<testsuite hostname="SEZ-LAP-123" ignored="2" name="RAIS Test Suite Run for FireFox Browser" tests="2" failures="0" timestamp="20 Aug 2019 12:00:26 GMT" time="18.854" errors="0">
  <testcase name="LoginScreen_Default" time="6.82" classname="testcases.RAIS.SanityTestPack_Final"/>
  <testcase name="LoginApplication" time="7.155" classname="testcases.RAIS.SanityTestPack_Final"/>
  <testcase name="LoginScreen_DefaultOld" time="0.0" classname="testcases.RAIS.SanityTestPack_Final">
    <ignored/>
  </testcase> <!-- LoginScreen_DefaultOld -->
  <testcase name="LoginApplicationold" time="0.0" classname="testcases.RAIS.SanityTestPack_Final">
    <ignored/>
  </testcase> <!-- LoginApplicationold -->
</testsuite> <!-- RAIS Test Suite Run for FireFox Browser -->
