<?xml version="1.0" encoding="UTF-8"?>
<!-- Generated by org.testng.reporters.JUnitXMLReporter -->
<testsuite hostname="SEZ-LAP-123" ignored="0" name="Maven and testngTest" tests="2" failures="0" timestamp="13 Aug 2019 09:57:16 GMT" time="14.661" errors="0">
  <testcase name="LoginScreen_Default" time="3.01" classname="testcases.RAIS.SanityTestPack_Chrome"/>
  <testcase name="LoginScreen_Default" time="3.004" classname="testcases.RAIS.SanityTestPack_FF"/>
</testsuite> <!-- Maven and testngTest -->
