<?xml version="1.0" encoding="UTF-8"?>
<testng-results skipped="0" failed="0" ignored="11" total="12" passed="1">
  <reporter-output>
  </reporter-output>
  <suite name="RAIS Test Automation" duration-ms="333141" started-at="2021-05-12T09:29:29Z" finished-at="2021-05-12T09:35:02Z">
    <groups>
    </groups>
    <test name="RAIS Test Suite Run for Chrome Browser" duration-ms="333141" started-at="2021-05-12T09:29:29Z" finished-at="2021-05-12T09:35:02Z">
      <class name="testcases.RAIS.WF_Authorization_Tests">
        <test-method status="PASS" signature="beforeClass(java.lang.String, java.lang.String)[pri:0, instance:testcases.RAIS.WF_Authorization_Tests@75db5df9]" name="beforeClass" is-config="true" duration-ms="4111" started-at="2021-05-12T09:29:29Z" finished-at="2021-05-12T09:29:33Z">
          <params>
            <param index="0">
              <value>
                <![CDATA[Chrome]]>
              </value>
            </param>
            <param index="1">
              <value>
                <![CDATA[Import Authorization]]>
              </value>
            </param>
          </params>
          <reporter-output>
          </reporter-output>
        </test-method> <!-- beforeClass -->
        <test-method status="PASS" signature="E2E_WorkflowExecution_HappyPath_withInspection()[pri:999, instance:testcases.RAIS.WF_Authorization_Tests@75db5df9]" name="E2E_WorkflowExecution_HappyPath_withInspection" duration-ms="327748" started-at="2021-05-12T09:29:33Z" finished-at="2021-05-12T09:35:01Z">
          <reporter-output>
          </reporter-output>
        </test-method> <!-- E2E_WorkflowExecution_HappyPath_withInspection -->
        <test-method status="PASS" signature="getResult(org.testng.ITestResult)[pri:0, instance:testcases.RAIS.WF_Authorization_Tests@75db5df9]" name="getResult" is-config="true" duration-ms="22" started-at="2021-05-12T09:35:01Z" finished-at="2021-05-12T09:35:01Z">
          <params>
            <param index="0">
              <value>
                <![CDATA[[TestResult name=E2E_WorkflowExecution_HappyPath_withInspection status=SUCCESS method=WF_Authorization_Tests.E2E_WorkflowExecution_HappyPath_withInspection()[pri:999, instance:testcases.RAIS.WF_Authorization_Tests@75db5df9] output={null}]]]>
              </value>
            </param>
          </params>
          <reporter-output>
          </reporter-output>
        </test-method> <!-- getResult -->
        <test-method status="PASS" signature="afterClass()[pri:0, instance:testcases.RAIS.WF_Authorization_Tests@75db5df9]" name="afterClass" is-config="true" duration-ms="816" started-at="2021-05-12T09:35:01Z" finished-at="2021-05-12T09:35:02Z">
          <reporter-output>
          </reporter-output>
        </test-method> <!-- afterClass -->
        <test-method status="PASS" signature="tearDown()[pri:0, instance:testcases.RAIS.WF_Authorization_Tests@75db5df9]" name="tearDown" is-config="true" duration-ms="416" started-at="2021-05-12T09:35:02Z" finished-at="2021-05-12T09:35:02Z">
          <reporter-output>
          </reporter-output>
        </test-method> <!-- tearDown -->
        <test-method status="PASS" signature="afterSuite()[pri:0, instance:testcases.RAIS.WF_Authorization_Tests@75db5df9]" name="afterSuite" is-config="true" duration-ms="15" started-at="2021-05-12T09:35:02Z" finished-at="2021-05-12T09:35:02Z">
          <reporter-output>
          </reporter-output>
        </test-method> <!-- afterSuite -->
      </class> <!-- testcases.RAIS.WF_Authorization_Tests -->
    </test> <!-- RAIS Test Suite Run for Chrome Browser -->
  </suite> <!-- RAIS Test Automation -->
</testng-results>
